<?xml version="1.0" encoding="UTF-8"?>
<!-- Generated by org.testng.reporters.JUnitXMLReporter -->
<testsuite hostname="Lenovo" ignored="2" name="Test" tests="9" failures="1" timestamp="27 Apr 2021 11:56:03 GMT" time="0.523" errors="0">
  <testcase name="tc03" time="0.031" classname="org.testsample.TestNG2"/>
  <testcase name="tc03" time="0.01" classname="org.testsample.TestNG4"/>
  <testcase name="tc04" time="0.051" classname="org.testsample.TestNG2"/>
  <testcase name="tc04" time="0.002" classname="org.testsample.TestNG4"/>
  <testcase name="tc02" time="0.011" classname="org.testsample.TestNG2"/>
  <testcase name="tc0" time="0.0" classname="org.testsample.TestNG3">
    <failure type="org.testng.TestNGException" message="
Parameter &amp;apos;Username&amp;apos; is required by @Test on method tc0 but has not been marked @Optional or defined
in C:\Users\ELCOT\eclipse-workspace\User1\testng.xml">
      <![CDATA[org.testng.TestNGException: 
Parameter 'Username' is required by @Test on method tc0 but has not been marked @Optional or defined
in C:\Users\ELCOT\eclipse-workspace\User1\testng.xml
... Removed 24 stack frames]]>
    </failure>
  </testcase> <!-- tc0 -->
  <testcase name="tc02" time="0.016" classname="org.testsample.TestNG4"/>
  <testcase name="tc05" time="0.0" classname="org.testsample.TestNG2"/>
  <testcase name="tc05" time="0.016" classname="org.testsample.TestNG4"/>
  <testcase name="tc01" time="0.0" classname="org.testsample.TestNG2">
    <ignored/>
  </testcase> <!-- tc01 -->
  <testcase name="tc01" time="0.0" classname="org.testsample.TestNG4">
    <ignored/>
  </testcase> <!-- tc01 -->
</testsuite> <!-- Test -->
